c:\users\usuario\documents\github\easyneuralnetworks\easyneuralnetworksprojectsolution\easyneuralnetworksproject\x64\release\vc142.pdb
c:\users\usuario\documents\github\easyneuralnetworks\easyneuralnetworksprojectsolution\easyneuralnetworksproject\x64\release\glad.obj
c:\users\usuario\documents\github\easyneuralnetworks\easyneuralnetworksprojectsolution\easyneuralnetworksproject\x64\release\neuron.obj
c:\users\usuario\documents\github\easyneuralnetworks\easyneuralnetworksprojectsolution\easyneuralnetworksproject\x64\release\modulewindow.obj
c:\users\usuario\documents\github\easyneuralnetworks\easyneuralnetworksprojectsolution\easyneuralnetworksproject\x64\release\modulescene.obj
c:\users\usuario\documents\github\easyneuralnetworks\easyneuralnetworksprojectsolution\easyneuralnetworksproject\x64\release\modulerender.obj
c:\users\usuario\documents\github\easyneuralnetworks\easyneuralnetworksprojectsolution\easyneuralnetworksproject\x64\release\neuralnetwork.obj
c:\users\usuario\documents\github\easyneuralnetworks\easyneuralnetworksprojectsolution\easyneuralnetworksproject\x64\release\moduleinput.obj
c:\users\usuario\documents\github\easyneuralnetworks\easyneuralnetworksprojectsolution\easyneuralnetworksproject\x64\release\moduleimgui.obj
c:\users\usuario\documents\github\easyneuralnetworks\easyneuralnetworksprojectsolution\easyneuralnetworksproject\x64\release\main.obj
c:\users\usuario\documents\github\easyneuralnetworks\easyneuralnetworksprojectsolution\easyneuralnetworksproject\x64\release\layer.obj
c:\users\usuario\documents\github\easyneuralnetworks\easyneuralnetworksprojectsolution\easyneuralnetworksproject\x64\release\app.obj
c:\users\usuario\documents\github\easyneuralnetworks\easyneuralnetworksprojectsolution\easyneuralnetworksproject\x64\release\imnodes.obj
c:\users\usuario\documents\github\easyneuralnetworks\easyneuralnetworksprojectsolution\easyneuralnetworksproject\x64\release\imgui_widgets.obj
c:\users\usuario\documents\github\easyneuralnetworks\easyneuralnetworksprojectsolution\easyneuralnetworksproject\x64\release\imgui_tables.obj
c:\users\usuario\documents\github\easyneuralnetworks\easyneuralnetworksprojectsolution\easyneuralnetworksproject\x64\release\imgui_draw.obj
c:\users\usuario\documents\github\easyneuralnetworks\easyneuralnetworksprojectsolution\easyneuralnetworksproject\x64\release\imgui_demo.obj
c:\users\usuario\documents\github\easyneuralnetworks\easyneuralnetworksprojectsolution\easyneuralnetworksproject\x64\release\imgui.obj
c:\users\usuario\documents\github\easyneuralnetworks\easyneuralnetworksprojectsolution\easyneuralnetworksproject\x64\release\imgui_impl_sdl.obj
c:\users\usuario\documents\github\easyneuralnetworks\easyneuralnetworksprojectsolution\easyneuralnetworksproject\x64\release\imgui_impl_opengl3.obj
c:\users\usuario\documents\github\easyneuralnetworks\easyneuralnetworksprojectsolution\x64\release\easyneuralnetworksproject.ipdb
c:\users\usuario\documents\github\easyneuralnetworks\easyneuralnetworksprojectsolution\x64\release\easyneuralnetworksproject.iobj
c:\users\usuario\documents\github\easyneuralnetworks\easyneuralnetworksprojectsolution\x64\release\easyneuralnetworksproject.exe
c:\users\usuario\documents\github\easyneuralnetworks\easyneuralnetworksprojectsolution\x64\release\easyneuralnetworksproject.pdb
c:\users\usuario\documents\github\easyneuralnetworks\easyneuralnetworksprojectsolution\easyneuralnetworksproject\x64\release\easyneur.777b4cf7.tlog\cl.command.1.tlog
c:\users\usuario\documents\github\easyneuralnetworks\easyneuralnetworksprojectsolution\easyneuralnetworksproject\x64\release\easyneur.777b4cf7.tlog\cl.read.1.tlog
c:\users\usuario\documents\github\easyneuralnetworks\easyneuralnetworksprojectsolution\easyneuralnetworksproject\x64\release\easyneur.777b4cf7.tlog\cl.write.1.tlog
c:\users\usuario\documents\github\easyneuralnetworks\easyneuralnetworksprojectsolution\easyneuralnetworksproject\x64\release\easyneur.777b4cf7.tlog\easyneuralnetworksproject.write.1u.tlog
c:\users\usuario\documents\github\easyneuralnetworks\easyneuralnetworksprojectsolution\easyneuralnetworksproject\x64\release\easyneur.777b4cf7.tlog\link.command.1.tlog
c:\users\usuario\documents\github\easyneuralnetworks\easyneuralnetworksprojectsolution\easyneuralnetworksproject\x64\release\easyneur.777b4cf7.tlog\link.read.1.tlog
c:\users\usuario\documents\github\easyneuralnetworks\easyneuralnetworksprojectsolution\easyneuralnetworksproject\x64\release\easyneur.777b4cf7.tlog\link.write.1.tlog
