c:\users\usuario\documents\github\easyneuralnetworks\easyneuralnetworksprojectsolution\easyneuralnetworksproject\x64\debug\vc142.pdb
c:\users\usuario\documents\github\easyneuralnetworks\easyneuralnetworksprojectsolution\easyneuralnetworksproject\x64\debug\vc142.idb
c:\users\usuario\documents\github\easyneuralnetworks\easyneuralnetworksprojectsolution\easyneuralnetworksproject\x64\debug\modulewindow.obj
c:\users\usuario\documents\github\easyneuralnetworks\easyneuralnetworksprojectsolution\easyneuralnetworksproject\x64\debug\modulescene.obj
c:\users\usuario\documents\github\easyneuralnetworks\easyneuralnetworksprojectsolution\easyneuralnetworksproject\x64\debug\modulerender.obj
c:\users\usuario\documents\github\easyneuralnetworks\easyneuralnetworksprojectsolution\easyneuralnetworksproject\x64\debug\moduleinput.obj
c:\users\usuario\documents\github\easyneuralnetworks\easyneuralnetworksprojectsolution\easyneuralnetworksproject\x64\debug\moduleimgui.obj
c:\users\usuario\documents\github\easyneuralnetworks\easyneuralnetworksprojectsolution\easyneuralnetworksproject\x64\debug\main.obj
c:\users\usuario\documents\github\easyneuralnetworks\easyneuralnetworksprojectsolution\easyneuralnetworksproject\x64\debug\imgui_p.obj
c:\users\usuario\documents\github\easyneuralnetworks\easyneuralnetworksprojectsolution\easyneuralnetworksproject\x64\debug\app.obj
c:\users\usuario\documents\github\easyneuralnetworks\easyneuralnetworksprojectsolution\easyneuralnetworksproject\x64\debug\imgui_widgets.obj
c:\users\usuario\documents\github\easyneuralnetworks\easyneuralnetworksprojectsolution\easyneuralnetworksproject\x64\debug\imgui_tables.obj
c:\users\usuario\documents\github\easyneuralnetworks\easyneuralnetworksprojectsolution\easyneuralnetworksproject\x64\debug\imgui_draw.obj
c:\users\usuario\documents\github\easyneuralnetworks\easyneuralnetworksprojectsolution\easyneuralnetworksproject\x64\debug\imgui_demo.obj
c:\users\usuario\documents\github\easyneuralnetworks\easyneuralnetworksprojectsolution\easyneuralnetworksproject\x64\debug\imgui.obj
c:\users\usuario\documents\github\easyneuralnetworks\easyneuralnetworksprojectsolution\easyneuralnetworksproject\x64\debug\imgui_impl_sdl.obj
c:\users\usuario\documents\github\easyneuralnetworks\easyneuralnetworksprojectsolution\easyneuralnetworksproject\x64\debug\imgui_impl_opengl2.obj
c:\users\usuario\documents\github\easyneuralnetworks\easyneuralnetworksprojectsolution\easyneuralnetworksproject\x64\debug\moduleneuralnetwork.obj
c:\users\usuario\documents\github\easyneuralnetworks\easyneuralnetworksprojectsolution\easyneuralnetworksproject\x64\debug\neuralnetwork.obj
c:\users\usuario\documents\github\easyneuralnetworks\easyneuralnetworksprojectsolution\easyneuralnetworksproject\x64\debug\layer.obj
c:\users\usuario\documents\github\easyneuralnetworks\easyneuralnetworksprojectsolution\easyneuralnetworksproject\x64\debug\neuron.obj
c:\users\usuario\documents\github\easyneuralnetworks\easyneuralnetworksprojectsolution\easyneuralnetworksproject\x64\debug\imgui_impl_sdlpc.obj
c:\users\usuario\documents\github\easyneuralnetworks\easyneuralnetworksprojectsolution\easyneuralnetworksproject\x64\debug\imgui_impl_opengl2pc.obj
c:\users\usuario\documents\github\easyneuralnetworks\easyneuralnetworksprojectsolution\x64\debug\easyneuralnetworksproject.ilk
c:\users\usuario\documents\github\easyneuralnetworks\easyneuralnetworksprojectsolution\x64\debug\easyneuralnetworksproject.exe
c:\users\usuario\documents\github\easyneuralnetworks\easyneuralnetworksprojectsolution\x64\debug\easyneuralnetworksproject.pdb
c:\users\usuario\documents\github\easyneuralnetworks\easyneuralnetworksprojectsolution\easyneuralnetworksproject\x64\debug\easyneur.777b4cf7.tlog\cl.command.1.tlog
c:\users\usuario\documents\github\easyneuralnetworks\easyneuralnetworksprojectsolution\easyneuralnetworksproject\x64\debug\easyneur.777b4cf7.tlog\cl.read.1.tlog
c:\users\usuario\documents\github\easyneuralnetworks\easyneuralnetworksprojectsolution\easyneuralnetworksproject\x64\debug\easyneur.777b4cf7.tlog\cl.write.1.tlog
c:\users\usuario\documents\github\easyneuralnetworks\easyneuralnetworksprojectsolution\easyneuralnetworksproject\x64\debug\easyneur.777b4cf7.tlog\link.command.1.tlog
c:\users\usuario\documents\github\easyneuralnetworks\easyneuralnetworksprojectsolution\easyneuralnetworksproject\x64\debug\easyneur.777b4cf7.tlog\link.read.1.tlog
c:\users\usuario\documents\github\easyneuralnetworks\easyneuralnetworksprojectsolution\easyneuralnetworksproject\x64\debug\easyneur.777b4cf7.tlog\link.write.1.tlog
