  NeuralNetwork.cpp
C:\Users\Usuario\Documents\GitHub\EasyNeuralNetworks\EasyNeuralNetworksProjectSolution\EasyNeuralNetworksProject\NeuralNetwork.cpp(31,20): warning C4018: '<': signed/unsigned mismatch
C:\Users\Usuario\Documents\GitHub\EasyNeuralNetworks\EasyNeuralNetworksProjectSolution\EasyNeuralNetworksProject\NeuralNetwork.cpp(152,22): warning C4018: '<': signed/unsigned mismatch
C:\Users\Usuario\Documents\GitHub\EasyNeuralNetworks\EasyNeuralNetworksProjectSolution\EasyNeuralNetworksProject\NeuralNetwork.cpp(323,64): warning C4305: 'argument': truncation from 'double' to 'float'
C:\Users\Usuario\Documents\GitHub\EasyNeuralNetworks\EasyNeuralNetworksProjectSolution\EasyNeuralNetworksProject\NeuralNetwork.cpp(337,61): warning C4305: 'argument': truncation from 'double' to 'float'
C:\Users\Usuario\Documents\GitHub\EasyNeuralNetworks\EasyNeuralNetworksProjectSolution\EasyNeuralNetworksProject\NeuralNetwork.cpp(371,33): warning C4244: '=': conversion from '_Ty' to 'float', possible loss of data
          with
          [
              _Ty=double
          ]
C:\Users\Usuario\Documents\GitHub\EasyNeuralNetworks\EasyNeuralNetworksProjectSolution\EasyNeuralNetworksProject\NeuralNetwork.cpp(398,34): warning C4244: '=': conversion from '_Ty' to 'float', possible loss of data
          with
          [
              _Ty=double
          ]
C:\Users\Usuario\Documents\GitHub\EasyNeuralNetworks\EasyNeuralNetworksProjectSolution\EasyNeuralNetworksProject\NeuralNetwork.cpp(434,22): warning C4244: '=': conversion from '_Ty' to 'float', possible loss of data
          with
          [
              _Ty=double
          ]
C:\Users\Usuario\Documents\GitHub\EasyNeuralNetworks\EasyNeuralNetworksProjectSolution\EasyNeuralNetworksProject\NeuralNetwork.cpp(435,14): warning C4244: '=': conversion from 'double' to 'float', possible loss of data
C:\Users\Usuario\Documents\GitHub\EasyNeuralNetworks\EasyNeuralNetworksProjectSolution\EasyNeuralNetworksProject\NeuralNetwork.cpp(546,20): warning C4018: '<': signed/unsigned mismatch
C:\Users\Usuario\Documents\GitHub\EasyNeuralNetworks\EasyNeuralNetworksProjectSolution\EasyNeuralNetworksProject\NeuralNetwork.cpp(553,21): warning C4018: '<': signed/unsigned mismatch
C:\Users\Usuario\Documents\GitHub\EasyNeuralNetworks\EasyNeuralNetworksProjectSolution\EasyNeuralNetworksProject\NeuralNetwork.cpp(577,20): warning C4018: '<': signed/unsigned mismatch
C:\Users\Usuario\Documents\GitHub\EasyNeuralNetworks\EasyNeuralNetworksProjectSolution\EasyNeuralNetworksProject\NeuralNetwork.cpp(584,10): warning C4244: 'initializing': conversion from 'unsigned int' to 'float', possible loss of data
C:\Users\Usuario\Documents\GitHub\EasyNeuralNetworks\EasyNeuralNetworksProjectSolution\EasyNeuralNetworksProject\NeuralNetwork.cpp(594,20): warning C4018: '<=': signed/unsigned mismatch
C:\Users\Usuario\Documents\GitHub\EasyNeuralNetworks\EasyNeuralNetworksProjectSolution\EasyNeuralNetworksProject\NeuralNetwork.cpp(612,21): warning C4018: '<': signed/unsigned mismatch
C:\Users\Usuario\Documents\GitHub\EasyNeuralNetworks\EasyNeuralNetworksProjectSolution\EasyNeuralNetworksProject\NeuralNetwork.cpp(629,21): warning C4018: '<': signed/unsigned mismatch
C:\Users\Usuario\Documents\GitHub\EasyNeuralNetworks\EasyNeuralNetworksProjectSolution\EasyNeuralNetworksProject\NeuralNetwork.cpp(645,20): warning C4018: '<': signed/unsigned mismatch
C:\Users\Usuario\Documents\GitHub\EasyNeuralNetworks\EasyNeuralNetworksProjectSolution\EasyNeuralNetworksProject\NeuralNetwork.cpp(689,20): warning C4018: '<': signed/unsigned mismatch
  LINK : 0 new modules and 1 (out of 380) modules have changed since prior linking
  Starting pass 2
       NeuralNetwork.obj
       LIBCMTD.lib(loadcfg.obj)
  Finished pass 2
  EasyNeuralNetworksProject.vcxproj -> C:\Users\Usuario\Documents\GitHub\EasyNeuralNetworks\EasyNeuralNetworksProjectSolution\x64\Debug\EasyNeuralNetworksProject.exe
